<?xml version="1.0" encoding="UTF-8"?>
<!-- Generated by org.testng.reporters.JUnitXMLReporter -->
<testsuite hostname="DESKTOP-9B2JCSO" ignored="1" name="Default test" tests="3" failures="0" timestamp="10 Dec 2022 02:45:53 GMT" time="0.097" errors="0">
  <testcase name="tc1" time="0.007" classname="org.launch.TestNGSample"/>
  <testcase name="tc1" time="0.002" classname="org.launch.TestNGSample"/>
  <testcase name="tc1" time="0.005" classname="org.launch.TestNGSample"/>
  <testcase name="tc22" time="0.0" classname="org.launch.TestNGSample">
    <ignored/>
  </testcase> <!-- tc22 -->
</testsuite> <!-- Default test -->
